Grammar

    0 $accept: grammar $end

    1 grammar: grammar rule
    2        | rule

    3 rule: token_rule ';'
    4     | sentence_rule ';'

    5 token_rule: id '=' regex
    6           | id '=' sentence_decl

    7 sentence_rule: id ':' sentence_decl

    8 sentence_decl: sentence_decl '|' sentence_branch
    9              | sentence_branch

   10 sentence_branch: sentence_branch sentence_part
   11                | sentence_part

   12 sentence_part: sentence_unary sentence_decorate sentence_repeatition
   13              | sentence_unary sentence_repeatition
   14              | sentence_unary sentence_decorate
   15              | sentence_unary

   16 sentence_unary: id
   17               | string
   18               | '(' sentence_branch ')'

   19 sentence_decorate: '!'

   20 sentence_repeatition: '*'
   21                     | '+'
   22                     | '?'

   23 id: ID

   24 string: STRING

   25 regex: REGEX


Terminals, with rules where they appear

$end (0) 0
'!' (33) 19
'(' (40) 18
')' (41) 18
'*' (42) 20
'+' (43) 21
':' (58) 7
';' (59) 3 4
'=' (61) 5 6
'?' (63) 22
'|' (124) 8
error (256)
ID (258) 23
STRING (259) 24
REGEX (260) 25


Nonterminals, with rules where they appear

$accept (16)
    on left: 0
grammar (17)
    on left: 1 2, on right: 0 1
rule (18)
    on left: 3 4, on right: 1 2
token_rule (19)
    on left: 5 6, on right: 3
sentence_rule (20)
    on left: 7, on right: 4
sentence_decl (21)
    on left: 8 9, on right: 6 7 8
sentence_branch (22)
    on left: 10 11, on right: 8 9 10 18
sentence_part (23)
    on left: 12 13 14 15, on right: 10 11
sentence_unary (24)
    on left: 16 17 18, on right: 12 13 14 15
sentence_decorate (25)
    on left: 19, on right: 12 14
sentence_repeatition (26)
    on left: 20 21 22, on right: 12 13
id (27)
    on left: 23, on right: 5 6 7 16
string (28)
    on left: 24, on right: 17
regex (29)
    on left: 25, on right: 5


State 0

    0 $accept: . grammar $end

    ID  shift, and go to state 1

    grammar        go to state 2
    rule           go to state 3
    token_rule     go to state 4
    sentence_rule  go to state 5
    id             go to state 6


State 1

   23 id: ID .

    $default  reduce using rule 23 (id)


State 2

    0 $accept: grammar . $end
    1 grammar: grammar . rule

    $end  shift, and go to state 7
    ID    shift, and go to state 1

    rule           go to state 8
    token_rule     go to state 4
    sentence_rule  go to state 5
    id             go to state 6


State 3

    2 grammar: rule .

    $default  reduce using rule 2 (grammar)


State 4

    3 rule: token_rule . ';'

    ';'  shift, and go to state 9


State 5

    4 rule: sentence_rule . ';'

    ';'  shift, and go to state 10


State 6

    5 token_rule: id . '=' regex
    6           | id . '=' sentence_decl
    7 sentence_rule: id . ':' sentence_decl

    '='  shift, and go to state 11
    ':'  shift, and go to state 12


State 7

    0 $accept: grammar $end .

    $default  accept


State 8

    1 grammar: grammar rule .

    $default  reduce using rule 1 (grammar)


State 9

    3 rule: token_rule ';' .

    $default  reduce using rule 3 (rule)


State 10

    4 rule: sentence_rule ';' .

    $default  reduce using rule 4 (rule)


State 11

    5 token_rule: id '=' . regex
    6           | id '=' . sentence_decl

    ID      shift, and go to state 1
    STRING  shift, and go to state 13
    REGEX   shift, and go to state 14
    '('     shift, and go to state 15

    sentence_decl    go to state 16
    sentence_branch  go to state 17
    sentence_part    go to state 18
    sentence_unary   go to state 19
    id               go to state 20
    string           go to state 21
    regex            go to state 22


State 12

    7 sentence_rule: id ':' . sentence_decl

    ID      shift, and go to state 1
    STRING  shift, and go to state 13
    '('     shift, and go to state 15

    sentence_decl    go to state 23
    sentence_branch  go to state 17
    sentence_part    go to state 18
    sentence_unary   go to state 19
    id               go to state 20
    string           go to state 21


State 13

   24 string: STRING .

    $default  reduce using rule 24 (string)


State 14

   25 regex: REGEX .

    $default  reduce using rule 25 (regex)


State 15

   18 sentence_unary: '(' . sentence_branch ')'

    ID      shift, and go to state 1
    STRING  shift, and go to state 13
    '('     shift, and go to state 15

    sentence_branch  go to state 24
    sentence_part    go to state 18
    sentence_unary   go to state 19
    id               go to state 20
    string           go to state 21


State 16

    6 token_rule: id '=' sentence_decl .
    8 sentence_decl: sentence_decl . '|' sentence_branch

    '|'  shift, and go to state 25

    $default  reduce using rule 6 (token_rule)


State 17

    9 sentence_decl: sentence_branch .
   10 sentence_branch: sentence_branch . sentence_part

    ID      shift, and go to state 1
    STRING  shift, and go to state 13
    '('     shift, and go to state 15

    $default  reduce using rule 9 (sentence_decl)

    sentence_part   go to state 26
    sentence_unary  go to state 19
    id              go to state 20
    string          go to state 21


State 18

   11 sentence_branch: sentence_part .

    $default  reduce using rule 11 (sentence_branch)


State 19

   12 sentence_part: sentence_unary . sentence_decorate sentence_repeatition
   13              | sentence_unary . sentence_repeatition
   14              | sentence_unary . sentence_decorate
   15              | sentence_unary .

    '!'  shift, and go to state 27
    '*'  shift, and go to state 28
    '+'  shift, and go to state 29
    '?'  shift, and go to state 30

    $default  reduce using rule 15 (sentence_part)

    sentence_decorate     go to state 31
    sentence_repeatition  go to state 32


State 20

   16 sentence_unary: id .

    $default  reduce using rule 16 (sentence_unary)


State 21

   17 sentence_unary: string .

    $default  reduce using rule 17 (sentence_unary)


State 22

    5 token_rule: id '=' regex .

    $default  reduce using rule 5 (token_rule)


State 23

    7 sentence_rule: id ':' sentence_decl .
    8 sentence_decl: sentence_decl . '|' sentence_branch

    '|'  shift, and go to state 25

    $default  reduce using rule 7 (sentence_rule)


State 24

   10 sentence_branch: sentence_branch . sentence_part
   18 sentence_unary: '(' sentence_branch . ')'

    ID      shift, and go to state 1
    STRING  shift, and go to state 13
    '('     shift, and go to state 15
    ')'     shift, and go to state 33

    sentence_part   go to state 26
    sentence_unary  go to state 19
    id              go to state 20
    string          go to state 21


State 25

    8 sentence_decl: sentence_decl '|' . sentence_branch

    ID      shift, and go to state 1
    STRING  shift, and go to state 13
    '('     shift, and go to state 15

    sentence_branch  go to state 34
    sentence_part    go to state 18
    sentence_unary   go to state 19
    id               go to state 20
    string           go to state 21


State 26

   10 sentence_branch: sentence_branch sentence_part .

    $default  reduce using rule 10 (sentence_branch)


State 27

   19 sentence_decorate: '!' .

    $default  reduce using rule 19 (sentence_decorate)


State 28

   20 sentence_repeatition: '*' .

    $default  reduce using rule 20 (sentence_repeatition)


State 29

   21 sentence_repeatition: '+' .

    $default  reduce using rule 21 (sentence_repeatition)


State 30

   22 sentence_repeatition: '?' .

    $default  reduce using rule 22 (sentence_repeatition)


State 31

   12 sentence_part: sentence_unary sentence_decorate . sentence_repeatition
   14              | sentence_unary sentence_decorate .

    '*'  shift, and go to state 28
    '+'  shift, and go to state 29
    '?'  shift, and go to state 30

    $default  reduce using rule 14 (sentence_part)

    sentence_repeatition  go to state 35


State 32

   13 sentence_part: sentence_unary sentence_repeatition .

    $default  reduce using rule 13 (sentence_part)


State 33

   18 sentence_unary: '(' sentence_branch ')' .

    $default  reduce using rule 18 (sentence_unary)


State 34

    8 sentence_decl: sentence_decl '|' sentence_branch .
   10 sentence_branch: sentence_branch . sentence_part

    ID      shift, and go to state 1
    STRING  shift, and go to state 13
    '('     shift, and go to state 15

    $default  reduce using rule 8 (sentence_decl)

    sentence_part   go to state 26
    sentence_unary  go to state 19
    id              go to state 20
    string          go to state 21


State 35

   12 sentence_part: sentence_unary sentence_decorate sentence_repeatition .

    $default  reduce using rule 12 (sentence_part)
